<?xml version="1.0" encoding="UTF-8"?>
<testsuite name="com.project.price.EntityRepositoryTest" tests="1" skipped="0" failures="0" errors="0" timestamp="2022-09-11T04:40:14" hostname="ARC02Y544MJG5H.local" time="0.023">
  <properties/>
  <testcase name="givenJdbcTemplateThrowExceptionWhenGetPriceByCriteriaThenThrowException()" classname="com.project.price.EntityRepositoryTest" time="0.023"/>
  <system-out><![CDATA[2022-09-11 01:40:14.285 ERROR 39577 --- [    Test worker] com.project.repository.EntityRepository  : null
]]></system-out>
  <system-err><![CDATA[]]></system-err>
</testsuite>
